<testsuites id="" name="" tests="25" failures="12" skipped="0" errors="0" time="55.57073100000061">
<testsuite name="components/search/__tests__/search.visual.test.ts" timestamp="2025-09-19T12:58:25.730Z" hostname="chromium" tests="25" failures="12" skipped="0" time="163.945" errors="0">
<testcase name="SearchInput Visual Tests › should match SearchInput default state" classname="components/search/__tests__/search.visual.test.ts" time="5.353">
</testcase>
<testcase name="SearchInput Visual Tests › should match SearchInput with focus state" classname="components/search/__tests__/search.visual.test.ts" time="30.157">
<failure message="search.visual.test.ts:29:7 should match SearchInput with focus state" type="FAILURE">
<![CDATA[  [chromium] › components/search/__tests__/search.visual.test.ts:29:7 › SearchInput Visual Tests › should match SearchInput with focus state 

    Test timeout of 30000ms exceeded.

    Error: locator.focus: Test timeout of 30000ms exceeded.
    Call log:
      - waiting for locator('[data-testid="search-input-focused"] input')


      37 |
      38 |     // Focus the input
    > 39 |     await page.locator('[data-testid="search-input-focused"] input').focus();
         |                                                                      ^
      40 |     
      41 |     await expect(page.locator('#test-container')).toHaveScreenshot('search-input-focused.png');
      42 |   });
        at /Users/paulkamani/Documents/projects/KeeperAI/src/components/search/__tests__/search.visual.test.ts:39:70

    attachment #1: screenshot (image/png) ──────────────────────────────────────────────────────────
    ../test-results/components-search-__tests_-a5a9e-earchInput-with-focus-state-chromium/test-failed-1.png
    ────────────────────────────────────────────────────────────────────────────────────────────────

    Error Context: ../test-results/components-search-__tests_-a5a9e-earchInput-with-focus-state-chromium/error-context.md
]]>
</failure>
<system-out>
<![CDATA[
[[ATTACHMENT|components-search-__tests_-a5a9e-earchInput-with-focus-state-chromium/test-failed-1.png]]

[[ATTACHMENT|components-search-__tests_-a5a9e-earchInput-with-focus-state-chromium/error-context.md]]
]]>
</system-out>
</testcase>
<testcase name="SearchInput Visual Tests › should match SearchInput with error state" classname="components/search/__tests__/search.visual.test.ts" time="10.129">
<failure message="search.visual.test.ts:44:7 should match SearchInput with error state" type="FAILURE">
<![CDATA[  [chromium] › components/search/__tests__/search.visual.test.ts:44:7 › SearchInput Visual Tests › should match SearchInput with error state 

    Error: expect(locator).toHaveScreenshot(expected) failed

    Timeout:  5000ms
      Timeout 5000ms exceeded.

      Snapshot: search-input-error.png

    Call log:
      - Expect "toHaveScreenshot(search-input-error.png)" with timeout 5000ms
        - verifying given screenshot expectation
      - waiting for locator('#test-container')
      - Timeout 5000ms exceeded.


      51 |     });
      52 |
    > 53 |     await expect(page.locator('#test-container')).toHaveScreenshot('search-input-error.png');
         |                                                   ^
      54 |   });
      55 |
      56 |   test('should match SearchInput compact variant', async ({ page }) => {
        at /Users/paulkamani/Documents/projects/KeeperAI/src/components/search/__tests__/search.visual.test.ts:53:51

    attachment #1: search-input-error (image/png) ──────────────────────────────────────────────────
    components/search/__tests__/search.visual.test.ts-snapshots/search-input-error-chromium-darwin.png
    ────────────────────────────────────────────────────────────────────────────────────────────────

    attachment #2: screenshot (image/png) ──────────────────────────────────────────────────────────
    ../test-results/components-search-__tests_-77f66-earchInput-with-error-state-chromium/test-failed-1.png
    ────────────────────────────────────────────────────────────────────────────────────────────────

    Error Context: ../test-results/components-search-__tests_-77f66-earchInput-with-error-state-chromium/error-context.md
]]>
</failure>
<system-out>
<![CDATA[
[[ATTACHMENT|../src/components/search/__tests__/search.visual.test.ts-snapshots/search-input-error-chromium-darwin.png]]

[[ATTACHMENT|components-search-__tests_-77f66-earchInput-with-error-state-chromium/test-failed-1.png]]

[[ATTACHMENT|components-search-__tests_-77f66-earchInput-with-error-state-chromium/error-context.md]]
]]>
</system-out>
</testcase>
<testcase name="SearchInput Visual Tests › should match SearchInput compact variant" classname="components/search/__tests__/search.visual.test.ts" time="5.359">
</testcase>
<testcase name="BookCard Visual Tests › should match BookCard default variant" classname="components/search/__tests__/search.visual.test.ts" time="2.533">
</testcase>
<testcase name="BookCard Visual Tests › should match BookCard compact variant" classname="components/search/__tests__/search.visual.test.ts" time="1.962">
</testcase>
<testcase name="BookCard Visual Tests › should match BookCard with favorite state" classname="components/search/__tests__/search.visual.test.ts" time="1.772">
</testcase>
<testcase name="BookCard Visual Tests › should match BookCard loading state" classname="components/search/__tests__/search.visual.test.ts" time="1.907">
</testcase>
<testcase name="ResultsList Visual Tests › should match ResultsList with results grid" classname="components/search/__tests__/search.visual.test.ts" time="2.267">
</testcase>
<testcase name="ResultsList Visual Tests › should match ResultsList loading state" classname="components/search/__tests__/search.visual.test.ts" time="2.114">
</testcase>
<testcase name="ResultsList Visual Tests › should match ResultsList empty state" classname="components/search/__tests__/search.visual.test.ts" time="2.193">
</testcase>
<testcase name="ResultsList Visual Tests › should match ResultsList with pagination" classname="components/search/__tests__/search.visual.test.ts" time="2.56">
</testcase>
<testcase name="Responsive Visual Tests › should match mobile layout" classname="components/search/__tests__/search.visual.test.ts" time="2.887">
<failure message="search.visual.test.ts:186:7 should match mobile layout" type="FAILURE">
<![CDATA[  [chromium] › components/search/__tests__/search.visual.test.ts:186:7 › Responsive Visual Tests › should match mobile layout 

    Error: expect(page).toHaveScreenshot(expected) failed

      4680 pixels (ratio 0.02 of all image pixels) are different.

      Snapshot: search-page-mobile.png

    Call log:
      - Expect "toHaveScreenshot(search-page-mobile.png)" with timeout 5000ms
        - verifying given screenshot expectation
      - taking page screenshot
        - disabled all CSS animations
      - waiting for fonts to load...
      - fonts loaded
      - 4680 pixels (ratio 0.02 of all image pixels) are different.
      - waiting 100ms before taking screenshot
      - taking page screenshot
        - disabled all CSS animations
      - waiting for fonts to load...
      - fonts loaded
      - captured a stable screenshot
      - 4680 pixels (ratio 0.02 of all image pixels) are different.


      191 |     await page.waitForSelector('input[placeholder*="Search"]');
      192 |
    > 193 |     await expect(page).toHaveScreenshot('search-page-mobile.png');
          |                        ^
      194 |   });
      195 |
      196 |   test('should match tablet layout', async ({ page }) => {
        at /Users/paulkamani/Documents/projects/KeeperAI/src/components/search/__tests__/search.visual.test.ts:193:24

    attachment #1: search-page-mobile (image/png) ──────────────────────────────────────────────────
    Expected: components/search/__tests__/search.visual.test.ts-snapshots/search-page-mobile-chromium-darwin.png
    Received: ../test-results/components-search-__tests_-64074--should-match-mobile-layout-chromium/search-page-mobile-actual.png
    Diff:     ../test-results/components-search-__tests_-64074--should-match-mobile-layout-chromium/search-page-mobile-diff.png
    ────────────────────────────────────────────────────────────────────────────────────────────────

    attachment #2: screenshot (image/png) ──────────────────────────────────────────────────────────
    ../test-results/components-search-__tests_-64074--should-match-mobile-layout-chromium/test-failed-1.png
    ────────────────────────────────────────────────────────────────────────────────────────────────

    Error Context: ../test-results/components-search-__tests_-64074--should-match-mobile-layout-chromium/error-context.md
]]>
</failure>
<system-out>
<![CDATA[
[[ATTACHMENT|../src/components/search/__tests__/search.visual.test.ts-snapshots/search-page-mobile-chromium-darwin.png]]

[[ATTACHMENT|components-search-__tests_-64074--should-match-mobile-layout-chromium/search-page-mobile-actual.png]]

[[ATTACHMENT|components-search-__tests_-64074--should-match-mobile-layout-chromium/search-page-mobile-diff.png]]

[[ATTACHMENT|components-search-__tests_-64074--should-match-mobile-layout-chromium/test-failed-1.png]]

[[ATTACHMENT|components-search-__tests_-64074--should-match-mobile-layout-chromium/error-context.md]]
]]>
</system-out>
</testcase>
<testcase name="Responsive Visual Tests › should match tablet layout" classname="components/search/__tests__/search.visual.test.ts" time="3.726">
<failure message="search.visual.test.ts:196:7 should match tablet layout" type="FAILURE">
<![CDATA[  [chromium] › components/search/__tests__/search.visual.test.ts:196:7 › Responsive Visual Tests › should match tablet layout 

    Error: expect(page).toHaveScreenshot(expected) failed

      8932 pixels (ratio 0.02 of all image pixels) are different.

      Snapshot: search-page-tablet.png

    Call log:
      - Expect "toHaveScreenshot(search-page-tablet.png)" with timeout 5000ms
        - verifying given screenshot expectation
      - taking page screenshot
        - disabled all CSS animations
      - waiting for fonts to load...
      - fonts loaded
      - 5145 pixels (ratio 0.01 of all image pixels) are different.
      - waiting 100ms before taking screenshot
      - taking page screenshot
        - disabled all CSS animations
      - waiting for fonts to load...
      - fonts loaded
      - 3787 pixels (ratio 0.01 of all image pixels) are different.
      - waiting 250ms before taking screenshot
      - taking page screenshot
        - disabled all CSS animations
      - waiting for fonts to load...
      - fonts loaded
      - captured a stable screenshot
      - 8932 pixels (ratio 0.02 of all image pixels) are different.


      200 |     await page.waitForSelector('input[placeholder*="Search"]');
      201 |
    > 202 |     await expect(page).toHaveScreenshot('search-page-tablet.png');
          |                        ^
      203 |   });
      204 |
      205 |   test('should match desktop layout', async ({ page }) => {
        at /Users/paulkamani/Documents/projects/KeeperAI/src/components/search/__tests__/search.visual.test.ts:202:24

    attachment #1: search-page-tablet (image/png) ──────────────────────────────────────────────────
    Expected: components/search/__tests__/search.visual.test.ts-snapshots/search-page-tablet-chromium-darwin.png
    Received: ../test-results/components-search-__tests_-026a3--should-match-tablet-layout-chromium/search-page-tablet-actual.png
    Diff:     ../test-results/components-search-__tests_-026a3--should-match-tablet-layout-chromium/search-page-tablet-diff.png
    ────────────────────────────────────────────────────────────────────────────────────────────────

    attachment #2: screenshot (image/png) ──────────────────────────────────────────────────────────
    ../test-results/components-search-__tests_-026a3--should-match-tablet-layout-chromium/test-failed-1.png
    ────────────────────────────────────────────────────────────────────────────────────────────────

    Error Context: ../test-results/components-search-__tests_-026a3--should-match-tablet-layout-chromium/error-context.md
]]>
</failure>
<system-out>
<![CDATA[
[[ATTACHMENT|../src/components/search/__tests__/search.visual.test.ts-snapshots/search-page-tablet-chromium-darwin.png]]

[[ATTACHMENT|components-search-__tests_-026a3--should-match-tablet-layout-chromium/search-page-tablet-actual.png]]

[[ATTACHMENT|components-search-__tests_-026a3--should-match-tablet-layout-chromium/search-page-tablet-diff.png]]

[[ATTACHMENT|components-search-__tests_-026a3--should-match-tablet-layout-chromium/test-failed-1.png]]

[[ATTACHMENT|components-search-__tests_-026a3--should-match-tablet-layout-chromium/error-context.md]]
]]>
</system-out>
</testcase>
<testcase name="Responsive Visual Tests › should match desktop layout" classname="components/search/__tests__/search.visual.test.ts" time="3.983">
<failure message="search.visual.test.ts:205:7 should match desktop layout" type="FAILURE">
<![CDATA[  [chromium] › components/search/__tests__/search.visual.test.ts:205:7 › Responsive Visual Tests › should match desktop layout 

    Error: expect(page).toHaveScreenshot(expected) failed

      8944 pixels (ratio 0.01 of all image pixels) are different.

      Snapshot: search-page-desktop.png

    Call log:
      - Expect "toHaveScreenshot(search-page-desktop.png)" with timeout 5000ms
        - verifying given screenshot expectation
      - taking page screenshot
        - disabled all CSS animations
      - waiting for fonts to load...
      - fonts loaded
      - 6707 pixels (ratio 0.01 of all image pixels) are different.
      - waiting 100ms before taking screenshot
      - taking page screenshot
        - disabled all CSS animations
      - waiting for fonts to load...
      - fonts loaded
      - 5337 pixels (ratio 0.01 of all image pixels) are different.
      - waiting 250ms before taking screenshot
      - taking page screenshot
        - disabled all CSS animations
      - waiting for fonts to load...
      - fonts loaded
      - captured a stable screenshot
      - 8944 pixels (ratio 0.01 of all image pixels) are different.


      209 |     await page.waitForSelector('input[placeholder*="Search"]');
      210 |
    > 211 |     await expect(page).toHaveScreenshot('search-page-desktop.png');
          |                        ^
      212 |   });
      213 |
      214 |   test('should match search results responsive grid', async ({ page }) => {
        at /Users/paulkamani/Documents/projects/KeeperAI/src/components/search/__tests__/search.visual.test.ts:211:24

    attachment #1: search-page-desktop (image/png) ─────────────────────────────────────────────────
    Expected: components/search/__tests__/search.visual.test.ts-snapshots/search-page-desktop-chromium-darwin.png
    Received: ../test-results/components-search-__tests_-73c45-should-match-desktop-layout-chromium/search-page-desktop-actual.png
    Diff:     ../test-results/components-search-__tests_-73c45-should-match-desktop-layout-chromium/search-page-desktop-diff.png
    ────────────────────────────────────────────────────────────────────────────────────────────────

    attachment #2: screenshot (image/png) ──────────────────────────────────────────────────────────
    ../test-results/components-search-__tests_-73c45-should-match-desktop-layout-chromium/test-failed-1.png
    ────────────────────────────────────────────────────────────────────────────────────────────────

    Error Context: ../test-results/components-search-__tests_-73c45-should-match-desktop-layout-chromium/error-context.md
]]>
</failure>
<system-out>
<![CDATA[
[[ATTACHMENT|../src/components/search/__tests__/search.visual.test.ts-snapshots/search-page-desktop-chromium-darwin.png]]

[[ATTACHMENT|components-search-__tests_-73c45-should-match-desktop-layout-chromium/search-page-desktop-actual.png]]

[[ATTACHMENT|components-search-__tests_-73c45-should-match-desktop-layout-chromium/search-page-desktop-diff.png]]

[[ATTACHMENT|components-search-__tests_-73c45-should-match-desktop-layout-chromium/test-failed-1.png]]

[[ATTACHMENT|components-search-__tests_-73c45-should-match-desktop-layout-chromium/error-context.md]]
]]>
</system-out>
</testcase>
<testcase name="Responsive Visual Tests › should match search results responsive grid" classname="components/search/__tests__/search.visual.test.ts" time="11.886">
<failure message="search.visual.test.ts:214:7 should match search results responsive grid" type="FAILURE">
<![CDATA[  [chromium] › components/search/__tests__/search.visual.test.ts:214:7 › Responsive Visual Tests › should match search results responsive grid 

    TimeoutError: page.waitForSelector: Timeout 10000ms exceeded.
    Call log:
      - waiting for locator('[data-testid="book-card"]') to be visible


      226 |
      227 |       // Wait for search results to load
    > 228 |       await page.waitForSelector('[data-testid="book-card"]', { timeout: 10000 });
          |                  ^
      229 |
      230 |       await expect(page).toHaveScreenshot(`search-results-${viewport.name}.png`);
      231 |     }
        at /Users/paulkamani/Documents/projects/KeeperAI/src/components/search/__tests__/search.visual.test.ts:228:18

    attachment #1: screenshot (image/png) ──────────────────────────────────────────────────────────
    ../test-results/components-search-__tests_-4f050-rch-results-responsive-grid-chromium/test-failed-1.png
    ────────────────────────────────────────────────────────────────────────────────────────────────

    Error Context: ../test-results/components-search-__tests_-4f050-rch-results-responsive-grid-chromium/error-context.md
]]>
</failure>
<system-out>
<![CDATA[
[[ATTACHMENT|components-search-__tests_-4f050-rch-results-responsive-grid-chromium/test-failed-1.png]]

[[ATTACHMENT|components-search-__tests_-4f050-rch-results-responsive-grid-chromium/error-context.md]]
]]>
</system-out>
</testcase>
<testcase name="Theme Visual Tests › should match light theme" classname="components/search/__tests__/search.visual.test.ts" time="5.793">
<failure message="search.visual.test.ts:236:7 should match light theme" type="FAILURE">
<![CDATA[  [chromium] › components/search/__tests__/search.visual.test.ts:236:7 › Theme Visual Tests › should match light theme 

    Error: expect(page).toHaveScreenshot(expected) failed

      5156 pixels (ratio 0.01 of all image pixels) are different.

      Snapshot: search-page-light-theme.png

    Call log:
      - Expect "toHaveScreenshot(search-page-light-theme.png)" with timeout 5000ms
        - verifying given screenshot expectation
      - taking page screenshot
        - disabled all CSS animations
      - waiting for fonts to load...
      - fonts loaded
      - 5156 pixels (ratio 0.01 of all image pixels) are different.
      - waiting 100ms before taking screenshot
      - taking page screenshot
        - disabled all CSS animations
      - waiting for fonts to load...
      - fonts loaded
      - 33 pixels (ratio 0.01 of all image pixels) are different.
      - waiting 250ms before taking screenshot
      - taking page screenshot
        - disabled all CSS animations
      - waiting for fonts to load...
      - fonts loaded
      - 33 pixels (ratio 0.01 of all image pixels) are different.
      - waiting 500ms before taking screenshot
      2 × taking page screenshot
          - disabled all CSS animations
        - waiting for fonts to load...
        - fonts loaded
        - 35 pixels (ratio 0.01 of all image pixels) are different.
        - waiting 1000ms before taking screenshot
      - taking page screenshot
        - disabled all CSS animations
      - waiting for fonts to load...
      - fonts loaded
      - captured a stable screenshot
      - 5156 pixels (ratio 0.01 of all image pixels) are different.


      244 |     await page.waitForSelector('input[placeholder*="Search"]');
      245 |
    > 246 |     await expect(page).toHaveScreenshot('search-page-light-theme.png');
          |                        ^
      247 |   });
      248 |
      249 |   test('should match dark theme', async ({ page }) => {
        at /Users/paulkamani/Documents/projects/KeeperAI/src/components/search/__tests__/search.visual.test.ts:246:24

    attachment #1: search-page-light-theme (image/png) ─────────────────────────────────────────────
    Expected: components/search/__tests__/search.visual.test.ts-snapshots/search-page-light-theme-chromium-darwin.png
    Received: ../test-results/components-search-__tests_-fdc32-ts-should-match-light-theme-chromium/search-page-light-theme-actual.png
    Diff:     ../test-results/components-search-__tests_-fdc32-ts-should-match-light-theme-chromium/search-page-light-theme-diff.png
    ────────────────────────────────────────────────────────────────────────────────────────────────

    attachment #2: screenshot (image/png) ──────────────────────────────────────────────────────────
    ../test-results/components-search-__tests_-fdc32-ts-should-match-light-theme-chromium/test-failed-1.png
    ────────────────────────────────────────────────────────────────────────────────────────────────

    Error Context: ../test-results/components-search-__tests_-fdc32-ts-should-match-light-theme-chromium/error-context.md
]]>
</failure>
<system-out>
<![CDATA[
[[ATTACHMENT|../src/components/search/__tests__/search.visual.test.ts-snapshots/search-page-light-theme-chromium-darwin.png]]

[[ATTACHMENT|components-search-__tests_-fdc32-ts-should-match-light-theme-chromium/search-page-light-theme-actual.png]]

[[ATTACHMENT|components-search-__tests_-fdc32-ts-should-match-light-theme-chromium/search-page-light-theme-diff.png]]

[[ATTACHMENT|components-search-__tests_-fdc32-ts-should-match-light-theme-chromium/test-failed-1.png]]

[[ATTACHMENT|components-search-__tests_-fdc32-ts-should-match-light-theme-chromium/error-context.md]]
]]>
</system-out>
</testcase>
<testcase name="Theme Visual Tests › should match dark theme" classname="components/search/__tests__/search.visual.test.ts" time="2.537">
<failure message="search.visual.test.ts:249:7 should match dark theme" type="FAILURE">
<![CDATA[  [chromium] › components/search/__tests__/search.visual.test.ts:249:7 › Theme Visual Tests › should match dark theme 

    Error: expect(page).toHaveScreenshot(expected) failed

      7768 pixels (ratio 0.01 of all image pixels) are different.

      Snapshot: search-page-dark-theme.png

    Call log:
      - Expect "toHaveScreenshot(search-page-dark-theme.png)" with timeout 5000ms
        - verifying given screenshot expectation
      - taking page screenshot
        - disabled all CSS animations
      - waiting for fonts to load...
      - fonts loaded
      - 7768 pixels (ratio 0.01 of all image pixels) are different.
      - waiting 100ms before taking screenshot
      - taking page screenshot
        - disabled all CSS animations
      - waiting for fonts to load...
      - fonts loaded
      - captured a stable screenshot
      - 7768 pixels (ratio 0.01 of all image pixels) are different.


      257 |     await page.waitForSelector('input[placeholder*="Search"]');
      258 |
    > 259 |     await expect(page).toHaveScreenshot('search-page-dark-theme.png');
          |                        ^
      260 |   });
      261 |
      262 |   test('should match components in both themes', async ({ page }) => {
        at /Users/paulkamani/Documents/projects/KeeperAI/src/components/search/__tests__/search.visual.test.ts:259:24

    attachment #1: search-page-dark-theme (image/png) ──────────────────────────────────────────────
    Expected: components/search/__tests__/search.visual.test.ts-snapshots/search-page-dark-theme-chromium-darwin.png
    Received: ../test-results/components-search-__tests_-07167-sts-should-match-dark-theme-chromium/search-page-dark-theme-actual.png
    Diff:     ../test-results/components-search-__tests_-07167-sts-should-match-dark-theme-chromium/search-page-dark-theme-diff.png
    ────────────────────────────────────────────────────────────────────────────────────────────────

    attachment #2: screenshot (image/png) ──────────────────────────────────────────────────────────
    ../test-results/components-search-__tests_-07167-sts-should-match-dark-theme-chromium/test-failed-1.png
    ────────────────────────────────────────────────────────────────────────────────────────────────

    Error Context: ../test-results/components-search-__tests_-07167-sts-should-match-dark-theme-chromium/error-context.md
]]>
</failure>
<system-out>
<![CDATA[
[[ATTACHMENT|../src/components/search/__tests__/search.visual.test.ts-snapshots/search-page-dark-theme-chromium-darwin.png]]

[[ATTACHMENT|components-search-__tests_-07167-sts-should-match-dark-theme-chromium/search-page-dark-theme-actual.png]]

[[ATTACHMENT|components-search-__tests_-07167-sts-should-match-dark-theme-chromium/search-page-dark-theme-diff.png]]

[[ATTACHMENT|components-search-__tests_-07167-sts-should-match-dark-theme-chromium/test-failed-1.png]]

[[ATTACHMENT|components-search-__tests_-07167-sts-should-match-dark-theme-chromium/error-context.md]]
]]>
</system-out>
</testcase>
<testcase name="Theme Visual Tests › should match components in both themes" classname="components/search/__tests__/search.visual.test.ts" time="3.659">
</testcase>
<testcase name="Interaction State Visual Tests › should match hover states" classname="components/search/__tests__/search.visual.test.ts" time="30.141">
<failure message="search.visual.test.ts:294:7 should match hover states" type="FAILURE">
<![CDATA[  [chromium] › components/search/__tests__/search.visual.test.ts:294:7 › Interaction State Visual Tests › should match hover states 

    Test timeout of 30000ms exceeded.

    Error: page.waitForSelector: Test timeout of 30000ms exceeded.
    Call log:
      - waiting for locator('[data-testid="book-card"]') to be visible


      295 |     await page.goto('/search?q=programming');
      296 |     
    > 297 |     await page.waitForSelector('[data-testid="book-card"]');
          |                ^
      298 |
      299 |     // Hover over first book card
      300 |     await page.locator('[data-testid="book-card"]').first().hover();
        at /Users/paulkamani/Documents/projects/KeeperAI/src/components/search/__tests__/search.visual.test.ts:297:16

    attachment #1: screenshot (image/png) ──────────────────────────────────────────────────────────
    ../test-results/components-search-__tests_-7c0af-s-should-match-hover-states-chromium/test-failed-1.png
    ────────────────────────────────────────────────────────────────────────────────────────────────

    Error Context: ../test-results/components-search-__tests_-7c0af-s-should-match-hover-states-chromium/error-context.md
]]>
</failure>
<system-out>
<![CDATA[
[[ATTACHMENT|components-search-__tests_-7c0af-s-should-match-hover-states-chromium/test-failed-1.png]]

[[ATTACHMENT|components-search-__tests_-7c0af-s-should-match-hover-states-chromium/error-context.md]]
]]>
</system-out>
</testcase>
<testcase name="Interaction State Visual Tests › should match focus states" classname="components/search/__tests__/search.visual.test.ts" time="1.944">
</testcase>
<testcase name="Interaction State Visual Tests › should match button states" classname="components/search/__tests__/search.visual.test.ts" time="10.432">
<failure message="search.visual.test.ts:314:7 should match button states" type="FAILURE">
<![CDATA[  [chromium] › components/search/__tests__/search.visual.test.ts:314:7 › Interaction State Visual Tests › should match button states 

    Error: expect(locator).toHaveScreenshot(expected) failed

    Locator:  locator('button[title*="Add to favorites"]').first()
    Timeout:  5000ms
      Timeout 5000ms exceeded.

      Snapshot: favorite-button-active.png

    Call log:
      - Expect "toHaveScreenshot(favorite-button-active.png)" with timeout 5000ms
        - generating new stable screenshot expectation
      - waiting for locator('button[title*="Add to favorites"]').first()
      - Timeout 5000ms exceeded.


      328 |     // Test active state (if applicable)
      329 |     await favoriteButton.click();
    > 330 |     await expect(favoriteButton).toHaveScreenshot('favorite-button-active.png');
          |                                  ^
      331 |   });
      332 | });
      333 |
        at /Users/paulkamani/Documents/projects/KeeperAI/src/components/search/__tests__/search.visual.test.ts:330:34

    attachment #1: screenshot (image/png) ──────────────────────────────────────────────────────────
    ../test-results/components-search-__tests_-e11e5--should-match-button-states-chromium/test-failed-1.png
    ────────────────────────────────────────────────────────────────────────────────────────────────

    Error Context: ../test-results/components-search-__tests_-e11e5--should-match-button-states-chromium/error-context.md
]]>
</failure>
<system-out>
<![CDATA[
[[ATTACHMENT|components-search-__tests_-e11e5--should-match-button-states-chromium/test-failed-1.png]]

[[ATTACHMENT|components-search-__tests_-e11e5--should-match-button-states-chromium/error-context.md]]
]]>
</system-out>
</testcase>
<testcase name="Error State Visual Tests › should match search validation errors" classname="components/search/__tests__/search.visual.test.ts" time="2.062">
</testcase>
<testcase name="Error State Visual Tests › should match network error state" classname="components/search/__tests__/search.visual.test.ts" time="11.917">
<failure message="search.visual.test.ts:349:7 should match network error state" type="FAILURE">
<![CDATA[  [chromium] › components/search/__tests__/search.visual.test.ts:349:7 › Error State Visual Tests › should match network error state 

    TimeoutError: page.waitForSelector: Timeout 10000ms exceeded.
    Call log:
      - waiting for locator('text=error') to be visible


      355 |
      356 |     // Wait for error state
    > 357 |     await page.waitForSelector('text=error', { timeout: 10000 });
          |                ^
      358 |
      359 |     await expect(page).toHaveScreenshot('search-network-error.png');
      360 |   });
        at /Users/paulkamani/Documents/projects/KeeperAI/src/components/search/__tests__/search.visual.test.ts:357:16

    attachment #1: screenshot (image/png) ──────────────────────────────────────────────────────────
    ../test-results/components-search-__tests_-b0798-d-match-network-error-state-chromium/test-failed-1.png
    ────────────────────────────────────────────────────────────────────────────────────────────────

    Error Context: ../test-results/components-search-__tests_-b0798-d-match-network-error-state-chromium/error-context.md
]]>
</failure>
<system-out>
<![CDATA[
[[ATTACHMENT|components-search-__tests_-b0798-d-match-network-error-state-chromium/test-failed-1.png]]

[[ATTACHMENT|components-search-__tests_-b0798-d-match-network-error-state-chromium/error-context.md]]
]]>
</system-out>
</testcase>
<testcase name="Error State Visual Tests › should match empty results state" classname="components/search/__tests__/search.visual.test.ts" time="4.672">
<failure message="search.visual.test.ts:362:7 should match empty results state" type="FAILURE">
<![CDATA[  [chromium] › components/search/__tests__/search.visual.test.ts:362:7 › Error State Visual Tests › should match empty results state 

    Error: expect(page).toHaveScreenshot(expected) failed

      6175 pixels (ratio 0.01 of all image pixels) are different.

      Snapshot: search-empty-results.png

    Call log:
      - Expect "toHaveScreenshot(search-empty-results.png)" with timeout 5000ms
        - verifying given screenshot expectation
      - taking page screenshot
        - disabled all CSS animations
      - waiting for fonts to load...
      - fonts loaded
      - 6210 pixels (ratio 0.01 of all image pixels) are different.
      - waiting 100ms before taking screenshot
      - taking page screenshot
        - disabled all CSS animations
      - waiting for fonts to load...
      - fonts loaded
      - 33 pixels (ratio 0.01 of all image pixels) are different.
      - waiting 250ms before taking screenshot
      - taking page screenshot
        - disabled all CSS animations
      - waiting for fonts to load...
      - fonts loaded
      - 33 pixels (ratio 0.01 of all image pixels) are different.
      - waiting 500ms before taking screenshot
      - taking page screenshot
        - disabled all CSS animations
      - waiting for fonts to load...
      - fonts loaded
      - 35 pixels (ratio 0.01 of all image pixels) are different.
      - waiting 1000ms before taking screenshot
      - taking page screenshot
        - disabled all CSS animations
      - waiting for fonts to load...
      - fonts loaded
      - captured a stable screenshot
      - 6175 pixels (ratio 0.01 of all image pixels) are different.


      379 |     await page.waitForSelector('text=No results found');
      380 |
    > 381 |     await expect(page).toHaveScreenshot('search-empty-results.png');
          |                        ^
      382 |   });
      383 | });
        at /Users/paulkamani/Documents/projects/KeeperAI/src/components/search/__tests__/search.visual.test.ts:381:24

    attachment #1: search-empty-results (image/png) ────────────────────────────────────────────────
    Expected: components/search/__tests__/search.visual.test.ts-snapshots/search-empty-results-chromium-darwin.png
    Received: ../test-results/components-search-__tests_-ccbbd-d-match-empty-results-state-chromium/search-empty-results-actual.png
    Diff:     ../test-results/components-search-__tests_-ccbbd-d-match-empty-results-state-chromium/search-empty-results-diff.png
    ────────────────────────────────────────────────────────────────────────────────────────────────

    attachment #2: screenshot (image/png) ──────────────────────────────────────────────────────────
    ../test-results/components-search-__tests_-ccbbd-d-match-empty-results-state-chromium/test-failed-1.png
    ────────────────────────────────────────────────────────────────────────────────────────────────

    Error Context: ../test-results/components-search-__tests_-ccbbd-d-match-empty-results-state-chromium/error-context.md
]]>
</failure>
<system-out>
<![CDATA[
[[ATTACHMENT|../src/components/search/__tests__/search.visual.test.ts-snapshots/search-empty-results-chromium-darwin.png]]

[[ATTACHMENT|components-search-__tests_-ccbbd-d-match-empty-results-state-chromium/search-empty-results-actual.png]]

[[ATTACHMENT|components-search-__tests_-ccbbd-d-match-empty-results-state-chromium/search-empty-results-diff.png]]

[[ATTACHMENT|components-search-__tests_-ccbbd-d-match-empty-results-state-chromium/test-failed-1.png]]

[[ATTACHMENT|components-search-__tests_-ccbbd-d-match-empty-results-state-chromium/error-context.md]]
]]>
</system-out>
</testcase>
</testsuite>
</testsuites>